[2018-11-29 11:23:18]  Текст ошибки: Контроллер app\controllers\admin\ProductController не существует | Файл: C:\OSPanel\domains\my-framework.ru\vendor\framework\core\Router.php | Строка 78 
===================
[2018-11-30 20:27:06]  Текст ошибки: Страница не найдена | Файл: C:\OSPanel\domains\my-framework.ru\vendor\framework\core\Router.php | Строка 81 
===================
[2018-11-30 20:28:32]  Текст ошибки: Контроллер app\controllers\admin\ProductController не существует | Файл: C:\OSPanel\domains\my-framework.ru\vendor\framework\core\Router.php | Строка 78 
===================
[2018-11-30 22:03:16]  Текст ошибки: Страница не найдена | Файл: C:\OSPanel\domains\my-framework.ru\vendor\framework\core\Router.php | Строка 81 
===================
[2018-11-30 23:22:10]  Текст ошибки: В контроллере app\controllers\admin\UserController::<b>indexAction</b> не существует | Файл: C:\OSPanel\domains\my-framework.ru\vendor\framework\core\Router.php | Строка 75 
===================
[2018-12-01 16:18:40]  Текст ошибки: В контроллере app\controllers\admin\ProductController::<b>editAction</b> не существует | Файл: C:\OSPanel\domains\my-framework.ru\vendor\framework\core\Router.php | Строка 75 
===================
[2018-12-01 16:47:51]  Текст ошибки: Страница не найдена | Файл: C:\OSPanel\domains\my-framework.ru\vendor\framework\core\Router.php | Строка 81 
===================
[2018-12-01 16:58:50]  Текст ошибки: В контроллере app\controllers\admin\ProductController::<b>deleteAction</b> не существует | Файл: C:\OSPanel\domains\my-framework.ru\vendor\framework\core\Router.php | Строка 75 
===================
[2018-12-01 16:59:12]  Текст ошибки: В контроллере app\controllers\admin\ProductController::<b>editAction</b> не существует | Файл: C:\OSPanel\domains\my-framework.ru\vendor\framework\core\Router.php | Строка 75 
===================
[2018-12-01 23:01:17]  Текст ошибки: Контроллер app\controllers\admin\ProductController не существует | Файл: C:\OSPanel\domains\my-framework.ru\vendor\framework\core\Router.php | Строка 78 
===================
[2018-12-01 23:01:21]  Текст ошибки: Контроллер app\controllers\admin\ProductController не существует | Файл: C:\OSPanel\domains\my-framework.ru\vendor\framework\core\Router.php | Строка 78 
===================
[2018-12-01 23:01:23]  Текст ошибки: Контроллер app\controllers\admin\ProductController не существует | Файл: C:\OSPanel\domains\my-framework.ru\vendor\framework\core\Router.php | Строка 78 
===================
[2018-12-01 23:01:31]  Текст ошибки: Контроллер app\controllers\admin\ProductController не существует | Файл: C:\OSPanel\domains\my-framework.ru\vendor\framework\core\Router.php | Строка 78 
===================
[2018-12-01 23:01:42]  Текст ошибки: Страница не найдена | Файл: C:\OSPanel\domains\my-framework.ru\vendor\framework\core\Router.php | Строка 81 
===================
[2018-12-01 23:01:42]  Текст ошибки: Страница не найдена | Файл: C:\OSPanel\domains\my-framework.ru\vendor\framework\core\Router.php | Строка 81 
===================
[2018-12-01 23:01:44]  Текст ошибки: Контроллер app\controllers\admin\ProductController не существует | Файл: C:\OSPanel\domains\my-framework.ru\vendor\framework\core\Router.php | Строка 78 
===================
[2018-12-01 23:03:59]  Текст ошибки: Страница не найдена | Файл: C:\OSPanel\domains\my-framework.ru\vendor\framework\core\Router.php | Строка 81 
===================
[2018-12-01 23:03:59]  Текст ошибки: Страница не найдена | Файл: C:\OSPanel\domains\my-framework.ru\vendor\framework\core\Router.php | Строка 81 
===================
[2018-12-01 23:16:05]  Текст ошибки: Страница не найдена | Файл: C:\OSPanel\domains\my-framework.ru\vendor\framework\core\Router.php | Строка 81 
===================
[2018-12-01 23:16:06]  Текст ошибки: Страница не найдена | Файл: C:\OSPanel\domains\my-framework.ru\vendor\framework\core\Router.php | Строка 81 
===================
[2018-12-01 23:16:41]  Текст ошибки: Страница не найдена | Файл: C:\OSPanel\domains\my-framework.ru\vendor\framework\core\Router.php | Строка 81 
===================
[2018-12-01 23:16:41]  Текст ошибки: Страница не найдена | Файл: C:\OSPanel\domains\my-framework.ru\vendor\framework\core\Router.php | Строка 81 
===================
[2018-12-01 23:16:46]  Текст ошибки: Страница не найдена | Файл: C:\OSPanel\domains\my-framework.ru\vendor\framework\core\Router.php | Строка 81 
===================
[2018-12-01 23:16:47]  Текст ошибки: Страница не найдена | Файл: C:\OSPanel\domains\my-framework.ru\vendor\framework\core\Router.php | Строка 81 
===================
[2018-12-01 23:17:33]  Текст ошибки: Страница не найдена | Файл: C:\OSPanel\domains\my-framework.ru\vendor\framework\core\Router.php | Строка 81 
===================
[2018-12-01 23:17:33]  Текст ошибки: Страница не найдена | Файл: C:\OSPanel\domains\my-framework.ru\vendor\framework\core\Router.php | Строка 81 
===================
[2018-12-01 23:23:16]  Текст ошибки: Страница не найдена | Файл: C:\OSPanel\domains\my-framework.ru\vendor\framework\core\Router.php | Строка 81 
===================
[2018-12-01 23:23:17]  Текст ошибки: Страница не найдена | Файл: C:\OSPanel\domains\my-framework.ru\vendor\framework\core\Router.php | Строка 81 
===================
[2018-12-01 23:24:12]  Текст ошибки: Страница не найдена | Файл: C:\OSPanel\domains\my-framework.ru\vendor\framework\core\Router.php | Строка 81 
===================
[2018-12-01 23:24:12]  Текст ошибки: Страница не найдена | Файл: C:\OSPanel\domains\my-framework.ru\vendor\framework\core\Router.php | Строка 81 
===================
[2018-12-01 23:24:18]  Текст ошибки: Страница не найдена | Файл: C:\OSPanel\domains\my-framework.ru\vendor\framework\core\Router.php | Строка 81 
===================
[2018-12-01 23:24:18]  Текст ошибки: Страница не найдена | Файл: C:\OSPanel\domains\my-framework.ru\vendor\framework\core\Router.php | Строка 81 
===================
[2018-12-01 23:24:24]  Текст ошибки: Страница не найдена | Файл: C:\OSPanel\domains\my-framework.ru\vendor\framework\core\Router.php | Строка 81 
===================
[2018-12-01 23:24:25]  Текст ошибки: Страница не найдена | Файл: C:\OSPanel\domains\my-framework.ru\vendor\framework\core\Router.php | Строка 81 
===================
[2018-12-01 23:24:29]  Текст ошибки: Страница не найдена | Файл: C:\OSPanel\domains\my-framework.ru\vendor\framework\core\Router.php | Строка 81 
===================
[2018-12-01 23:24:29]  Текст ошибки: Страница не найдена | Файл: C:\OSPanel\domains\my-framework.ru\vendor\framework\core\Router.php | Строка 81 
===================
[2018-12-01 23:24:31]  Текст ошибки: Страница не найдена | Файл: C:\OSPanel\domains\my-framework.ru\vendor\framework\core\Router.php | Строка 81 
===================
[2018-12-01 23:24:31]  Текст ошибки: Страница не найдена | Файл: C:\OSPanel\domains\my-framework.ru\vendor\framework\core\Router.php | Строка 81 
===================
[2018-12-01 23:24:33]  Текст ошибки: Страница не найдена | Файл: C:\OSPanel\domains\my-framework.ru\vendor\framework\core\Router.php | Строка 81 
===================
[2018-12-01 23:24:34]  Текст ошибки: Страница не найдена | Файл: C:\OSPanel\domains\my-framework.ru\vendor\framework\core\Router.php | Строка 81 
===================
[2018-12-01 23:24:39]  Текст ошибки: Страница не найдена | Файл: C:\OSPanel\domains\my-framework.ru\vendor\framework\core\Router.php | Строка 81 
===================
[2018-12-01 23:24:40]  Текст ошибки: Страница не найдена | Файл: C:\OSPanel\domains\my-framework.ru\vendor\framework\core\Router.php | Строка 81 
===================
[2018-12-01 23:45:11]  Текст ошибки: Страница не найдена | Файл: C:\OSPanel\domains\my-framework.ru\vendor\framework\core\Router.php | Строка 81 
===================
[2018-12-01 23:45:11]  Текст ошибки: Страница не найдена | Файл: C:\OSPanel\domains\my-framework.ru\vendor\framework\core\Router.php | Строка 81 
===================
[2018-12-01 23:45:30]  Текст ошибки: Страница не найдена | Файл: C:\OSPanel\domains\my-framework.ru\vendor\framework\core\Router.php | Строка 81 
===================
[2018-12-01 23:45:34]  Текст ошибки: Страница не найдена | Файл: C:\OSPanel\domains\my-framework.ru\vendor\framework\core\Router.php | Строка 81 
===================
[2018-12-01 23:45:34]  Текст ошибки: Страница не найдена | Файл: C:\OSPanel\domains\my-framework.ru\vendor\framework\core\Router.php | Строка 81 
===================
[2018-12-01 23:46:16]  Текст ошибки: Страница не найдена | Файл: C:\OSPanel\domains\my-framework.ru\vendor\framework\core\Router.php | Строка 81 
===================
[2018-12-01 23:46:17]  Текст ошибки: Страница не найдена | Файл: C:\OSPanel\domains\my-framework.ru\vendor\framework\core\Router.php | Строка 81 
===================
[2018-12-01 23:46:32]  Текст ошибки: Страница не найдена | Файл: C:\OSPanel\domains\my-framework.ru\vendor\framework\core\Router.php | Строка 81 
===================
[2018-12-01 23:46:36]  Текст ошибки: Страница не найдена | Файл: C:\OSPanel\domains\my-framework.ru\vendor\framework\core\Router.php | Строка 81 
===================
[2018-12-01 23:46:36]  Текст ошибки: Страница не найдена | Файл: C:\OSPanel\domains\my-framework.ru\vendor\framework\core\Router.php | Строка 81 
===================
[2018-12-01 23:47:15]  Текст ошибки: Страница не найдена | Файл: C:\OSPanel\domains\my-framework.ru\vendor\framework\core\Router.php | Строка 81 
===================
[2018-12-01 23:47:15]  Текст ошибки: Страница не найдена | Файл: C:\OSPanel\domains\my-framework.ru\vendor\framework\core\Router.php | Строка 81 
===================
[2018-12-01 23:47:34]  Текст ошибки: Страница не найдена | Файл: C:\OSPanel\domains\my-framework.ru\vendor\framework\core\Router.php | Строка 81 
===================
[2018-12-01 23:47:34]  Текст ошибки: Страница не найдена | Файл: C:\OSPanel\domains\my-framework.ru\vendor\framework\core\Router.php | Строка 81 
===================
[2018-12-01 23:50:11]  Текст ошибки: Страница не найдена | Файл: C:\OSPanel\domains\my-framework.ru\vendor\framework\core\Router.php | Строка 81 
===================
[2018-12-01 23:50:11]  Текст ошибки: Страница не найдена | Файл: C:\OSPanel\domains\my-framework.ru\vendor\framework\core\Router.php | Строка 81 
===================
[2018-12-01 23:50:27]  Текст ошибки: Страница не найдена | Файл: C:\OSPanel\domains\my-framework.ru\vendor\framework\core\Router.php | Строка 81 
===================
[2018-12-01 23:50:27]  Текст ошибки: Страница не найдена | Файл: C:\OSPanel\domains\my-framework.ru\vendor\framework\core\Router.php | Строка 81 
===================
[2018-12-01 23:51:33]  Текст ошибки: Страница не найдена | Файл: C:\OSPanel\domains\my-framework.ru\vendor\framework\core\Router.php | Строка 81 
===================
[2018-12-01 23:51:42]  Текст ошибки: Страница не найдена | Файл: C:\OSPanel\domains\my-framework.ru\vendor\framework\core\Router.php | Строка 81 
===================
[2018-12-01 23:51:43]  Текст ошибки: Страница не найдена | Файл: C:\OSPanel\domains\my-framework.ru\vendor\framework\core\Router.php | Строка 81 
===================
[2018-12-01 23:52:05]  Текст ошибки: Страница не найдена | Файл: C:\OSPanel\domains\my-framework.ru\vendor\framework\core\Router.php | Строка 81 
===================
[2018-12-01 23:52:06]  Текст ошибки: Страница не найдена | Файл: C:\OSPanel\domains\my-framework.ru\vendor\framework\core\Router.php | Строка 81 
===================
[2018-12-02 00:02:50]  Текст ошибки: Страница не найдена | Файл: C:\OSPanel\domains\my-framework.ru\vendor\framework\core\Router.php | Строка 81 
===================
[2018-12-02 00:02:51]  Текст ошибки: Страница не найдена | Файл: C:\OSPanel\domains\my-framework.ru\vendor\framework\core\Router.php | Строка 81 
===================
[2018-12-02 00:05:50]  Текст ошибки: Страница не найдена | Файл: C:\OSPanel\domains\my-framework.ru\vendor\framework\core\Router.php | Строка 81 
===================
[2018-12-02 00:05:50]  Текст ошибки: Страница не найдена | Файл: C:\OSPanel\domains\my-framework.ru\vendor\framework\core\Router.php | Строка 81 
===================
[2018-12-02 00:06:10]  Текст ошибки: Страница не найдена | Файл: C:\OSPanel\domains\my-framework.ru\vendor\framework\core\Router.php | Строка 81 
===================
[2018-12-02 00:06:10]  Текст ошибки: Страница не найдена | Файл: C:\OSPanel\domains\my-framework.ru\vendor\framework\core\Router.php | Строка 81 
===================
